0	0	0	52	76	31202	8440
1	0	0	4	58	380	6424
1	0	0	2	54	228	6010
2	0	0	4	64	2472	8684
2	0	0	2	36	228	3244
3	0	0	2	54	228	5908
3	0	0	4	68	808	6142
4	0	0	2	60	228	4832
4	0	0	2	44	228	3656
5	10240	0	4	78	1832	7434
5	10240	10	3280	3752	4628170	4606958
6	10240	10	8828	8650	11612056	11466644
6	10240	9	9248	8700	11642656	11471554
7	10240	9	9240	8756	11638800	11476336
7	10240	9	9146	8564	11632404	11464280
8	10240	9	9030	8680	11626124	11472206
8	10240	9	9014	8592	11623596	11465362
9	10240	9	9020	8554	11623992	11463642
9	10240	9	9036	8564	11627064	11462552
10	20480	9	9340	8612	11645016	11466430
10	20480	10	10578	10286	13932644	13753476
11	20480	10	18572	16668	23285976	22892628
11	20480	11	17186	17080	23191332	22918756
12	20480	11	19924	16478	23372456	22878700
12	20480	11	19136	16728	23321632	22894848
13	20480	11	17858	16552	23235684	22883392
13	20480	12	18444	16774	23274264	22898168
14	20480	12	17674	16786	23225556	22901462
14	20480	12	17936	16664	23240852	22891136
15	30720	12	17660	16750	23222616	22898618
15	30720	12	19614	16594	23353564	22887796
16	30720	13	26312	25334	34822544	34359632
16	30720	13	28092	24650	34939608	34314664
17	30720	13	26638	24558	34845500	34308700
17	30720	13	27250	24620	34884036	34311476
18	30720	14	27268	24668	34885640	34316512
18	30720	14	27998	24646	34934844	34312900
19	30720	14	26076	24626	34806552	34313644
19	30720	14	27022	24656	34868988	34313316
20	40960	15	27192	24552	34882000	34307388
20	40960	15	25028	23234	32531688	32043070
21	40960	15	35388	33602	46449624	45804356
21	40960	15	36060	33634	46495576	45804544
22	40960	15	35154	33242	46434596	45780962
22	40960	15	35564	33168	46461240	45773254
23	40960	16	35478	33102	46457324	45767834
23	40960	16	36074	33678	46494900	45809758
24	40960	16	35662	33340	46468124	45787230
24	40960	16	36006	33204	46492076	45776806
25	51200	16	34662	33902	46401708	45822648
25	51200	16	34666	30450	44423506	42562664
26	51200	17	44388	40898	57206532	56719398
26	51200	17	44048	40852	58781500	57350920
27	51200	17	45396	41728	58372282	57987742
27	51200	18	43604	40082	56975356	56050690
28	51200	18	46074	40836	57991158	57035672
28	51200	18	44880	41366	58467010	57677156
29	51200	19	42204	40792	57986194	57145124
29	51200	19	42560	40838	58322406	57384384
30	61440	19	41960	41446	57421456	56580408
30	61440	19	36432	35340	49342512	49683220
31	61440	20	50986	49010	69536052	68612412
31	61440	20	50468	49316	69501864	68634118
32	61440	21	50326	49164	69494796	68620956
32	61440	21	50534	49208	69506220	68626430
33	61440	21	50848	48834	69526944	68600418
33	61440	22	50630	49236	69514380	68622946
34	61440	22	50912	49156	69531680	68634970
34	61440	22	51290	48872	69556116	68598742
35	71680	23	50798	49098	69523644	68617062
35	71680	23	40004	37182	55085050	52299836
36	71680	23	58800	57066	81012126	80125576
36	71680	24	59476	57790	81421628	81354096
37	71680	24	59780	56920	80911720	79770916
37	71680	25	58938	56570	81102294	79084686
38	71680	25	59450	57876	81408978	81473752
38	71680	25	59326	56734	81205188	79411316
39	71680	26	58822	56698	80893752	79356824
39	71680	26	58696	57964	81067992	81051452
40	81920	26	59274	56558	80894444	79344576
40	81920	27	47330	45456	64970918	63549504
41	81920	27	68184	65964	92939548	93094514
41	81920	27	66812	68046	92102060	90583480
42	81920	28	66666	68324	92532072	90944664
42	81920	28	68904	66542	93097778	92957308
43	81920	28	68446	64762	92492312	90474988
43	81920	28	68362	64994	93366846	91411604
44	81920	29	67820	66414	92546620	92810476
44	81920	29	68280	64928	92558740	90762802
45	92160	29	66728	71662	92581282	91073986
45	92160	30	52156	50284	70167152	70737996
46	92160	31	73296	78378	104095236	98952806
46	92160	31	76528	76164	104306304	107715148
47	92160	32	74956	72798	104204420	102684680
47	92160	32	76408	72986	104302724	103055394
48	92160	33	75706	72898	104253012	102870236
48	92160	33	74644	72666	104183712	102294960
49	92160	34	74960	72162	104205940	101658152
49	92160	34	76858	73530	104329006	103932068
50	102400	35	76206	73320	104285616	103523840
50	102400	35	60850	58200	83703646	82323534
51	102400	35	84722	80822	115898518	114253308
51	102400	35	84980	80548	115909330	113994984
52	102400	36	85076	80560	115905236	114013720
52	102400	36	84892	79326	115979208	111832828
53	102400	37	83640	82640	115671482	117327158
53	102400	38	79884	72692	111414066	101842000
54	102400	40	76870	66976	111669754	89590362
54	102400	44	82712	76658	119309284	103722394
55	112640	49	70954	82000	101212256	114491980
55	112640	51	79554	72576	115493890	97906528
56	112640	55	76272	79602	110350986	110305538
56	112640	59	76272	79602	110350986	110305538
57	112640	64	84052	85224	120965344	117061908
57	112640	73	84052	85224	120965344	117061908
58	112640	80	82048	75436	118938702	101124010
58	112640	88	81902	67394	119166638	88427816
59	112640	99	81902	67394	119166638	88427816
59	112640	108	76680	73952	111455890	100679444
61	122880	142	85126	87620	122178708	120748854
61	122880	159	84024	80480	121304064	109254192
61	122880	170	84300	79084	121754840	107360632
62	122880	183	84300	79084	121754840	107360632
62	122880	195	77204	60048	112678112	78711610
63	122880	205	83206	63530	121708568	81927658
63	122880	214	81986	74430	118924448	99569064
63	122880	228	80198	72542	116469718	98165966
64	122880	248	83722	80680	121132430	110988270
64	122880	265	84582	86508	121701696	119492532
66	133120	358	84858	88596	121758792	121597594
67	133120	380	81268	71338	117854096	94929392
67	133120	405	79810	54654	116955970	70741104
67	133120	430	84388	79750	121768544	108450938
68	133120	453	83734	77702	121640764	104716272
68	133120	470	81994	74952	118736786	100881170
69	133120	490	82862	69768	120781718	92401374
69	133120	513	83736	87804	120155976	120585286
70	133120	538	78142	75516	113256430	102712734
70	133120	3544	78142	75516	113256430	102712734
73	143360	4043	79158	85846	113747274	118148102
74	143360	4086	79158	85846	113747274	118148102
74	143360	4128	73516	67836	106913586	90457878
74	143360	4190	83522	79706	120850430	107287784
75	143360	4252	83522	79706	120850430	107287784
75	143360	4296	81720	65338	118995886	86370580
76	143360	4351	84348	79240	122042406	107881988
76	143360	4394	83572	76478	121110592	102542556
76	143360	4438	83572	76478	121110592	102542556
77	143360	4482	82468	66016	120165966	87119532
82	143360	5143	84754	88288	121899212	121744136
88	143360	6163	8176	28308	7002914	42009302
89	143360	4481	3522	45456	232584	68831924
89	143360	4327	4372	80588	291020	121892184
89	143360	4245	4372	80588	291020	121892184
