0	0	0	50	92	27440	8010
1	0	0	4	64	5064	5102
1	0	0	0	56	0	4108
2	0	0	0	42	0	4834
2	0	0	2	58	1028	4834
3	0	0	8	62	1008	6034
3	0	0	6	90	812	8842
4	0	0	4	54	2248	5360
4	0	0	12	82	1368	7296
5	10240	0	30	102	3420	11866
5	10240	5	674	662	770190	716328
6	10240	5	1660	1496	1923192	1780700
6	10240	5	1644	1462	1920984	1777074
7	10240	5	1652	1492	1924328	1779218
7	10240	5	1626	1558	1920212	1782732
8	10240	5	1626	1500	1919796	1779408
8	10240	5	1680	1528	1924532	1781344
9	10240	5	1716	1482	1925736	1779102
9	10240	5	1658	1544	1921928	1781556
10	20480	5	1668	1542	1924872	1782338
10	20480	6	1972	1778	2305148	2134076
11	20480	6	3142	2818	3832332	3545554
11	20480	6	3266	2856	3842628	3549288
12	20480	7	3320	2774	3844528	3542292
12	20480	7	3138	2818	3832068	3546602
13	20480	7	3154	2800	3835108	3544324
13	20480	7	3342	2770	3845532	3543420
14	20480	7	3282	2814	3841572	3546084
14	20480	7	3142	2826	3834732	3546894
15	30720	7	3312	2788	3843552	3543708
15	30720	7	2628	2112	3426056	2687472
16	30720	8	4750	4064	5831132	5272256
16	30720	8	5050	4130	5982324	5324324
17	30720	8	4840	4000	5722084	5274848
17	30720	8	4832	4148	5534284	5345176
18	30720	8	4834	4082	5892622	5318936
18	30720	8	4896	4188	5622372	5358410
19	30720	9	4690	4104	5836424	5260164
19	30720	9	4680	4000	5504230	5326898
20	40960	9	4884	4054	5994848	5283470
20	40960	10	5004	4434	5670092	5828582
21	40960	10	6386	5426	7671396	7077356
21	40960	10	6222	5380	7660572	7075646
22	40960	10	6458	5388	7677748	7074824
22	40960	10	6268	5456	7664088	7078474
23	40960	10	6068	5398	7650408	7075078
23	40960	10	6156	5390	7657880	7074884
24	40960	11	6108	5438	7653048	7080606
24	40960	11	6304	5448	7665984	7080328
25	51200	11	6414	5390	7675228	7073566
25	51200	11	5612	4922	6895320	6374970
26	51200	11	7918	6682	9584988	8838602
26	51200	11	8032	6758	9594048	8843372
27	51200	11	7742	6680	9573852	8839196
27	51200	12	7550	6720	9560700	8840824
28	51200	12	7870	6708	9583196	8840646
28	51200	12	7476	6702	9555816	8842474
29	51200	12	7762	6672	9574692	8837856
29	51200	12	7754	6694	9576404	8838952
30	61440	12	7580	6686	9562680	8839080
30	61440	12	6724	5884	8418696	7780456
31	61440	12	9136	8036	11479840	10607534
31	61440	13	8832	8070	11458272	10608716
32	61440	13	8964	8090	11466504	10610808
32	61440	13	9190	8116	11483020	10612248
33	61440	13	9380	8098	11493960	10610528
33	61440	13	9264	8102	11486304	10613176
34	61440	13	9064	8082	11475024	10612004
34	61440	13	9366	8082	11493056	10614120
35	71680	13	9050	8056	11472180	10613872
35	71680	14	6268	5482	8566338	7179618
36	71680	14	10784	9416	13623686	12361922
36	71680	14	10424	9326	13134326	12210566
37	71680	14	10888	9490	13463118	12383662
37	71680	14	10598	9466	13629698	12515728
38	71680	15	10820	9298	13281210	12249020
38	71680	15	10704	9380	12932522	12392054
39	71680	15	10782	9538	13775414	12607828
39	71680	15	10598	9336	13393102	12211388
40	81920	15	10734	9356	13365174	12356084
40	81920	15	10438	9454	12791088	12411364
41	81920	15	11810	10740	15279584	14067668
41	81920	16	12030	10576	15295776	13818052
42	81920	16	11762	10604	15275604	13932380
42	81920	16	12404	11100	15318884	14574266
43	81920	16	12172	10538	15305148	13941128
43	81920	16	11950	10998	15288540	14499700
44	81920	16	11720	10700	15273492	14021396
44	81920	16	11854	10710	15283540	13999356
45	92160	16	12174	10964	15304004	14414268
45	92160	16	10296	9464	13004004	12426482
46	92160	17	13690	12034	17217624	15909532
46	92160	17	14198	12090	17249256	15912972
47	92160	17	13380	12122	17195816	15916168
47	92160	17	14074	12112	17241204	15915206
48	92160	17	14008	12010	17238512	15907976
48	92160	17	13836	12032	17225496	15910678
49	92160	18	13314	12104	17191460	15916000
49	92160	18	14306	12092	17258308	15914348
50	102400	18	13868	12158	17227608	15918696
50	102400	18	11698	9860	14547576	12875158
51	102400	18	15340	13308	19139120	17402662
51	102400	18	15150	13688	19124568	18025234
52	102400	18	15474	13286	19146084	17489668
52	102400	18	15016	13348	19118336	17633136
53	102400	19	14900	13494	19108252	17941566
53	102400	19	15542	13216	19150592	17442850
54	102400	19	15408	13292	19143980	17610708
54	102400	19	16972	13556	19244820	17950284
55	112640	19	15498	13310	19147588	17525944
55	112640	19	12448	11746	16048252	15523650
56	112640	19	16966	14666	21057036	19443592
56	112640	20	16966	14666	21057036	19443592
57	112640	20	17388	14734	21087256	19449094
57	112640	20	16434	14698	21021924	19443996
58	112640	20	17324	14740	21082456	19446524
58	112640	20	16674	14726	21038212	19445616
59	112640	20	16674	14726	21038212	19445616
59	112640	20	16474	14824	21026420	19451546
60	122880	20	13956	12356	17595912	16268900
60	122880	21	19232	16096	23019072	21216864
61	122880	21	18700	16098	22986200	21215260
61	122880	21	18646	16030	22980396	21211200
62	122880	21	18324	16128	22959144	21217004
62	122880	21	18084	16054	22945224	21212076
63	122880	21	17910	16066	22931820	21214968
63	122880	22	18616	16080	22978864	21215340
64	122880	22	18114	16050	22947268	21220110
64	122880	22	18370	16080	22962180	21216028
65	133120	22	13946	11548	17687488	15100328
65	133120	22	19132	17330	24710784	22883172
66	133120	22	19660	17162	24583298	22687482
66	133120	23	20006	17700	25303540	23400898
67	133120	23	18962	17046	24452022	22619252
67	133120	23	20918	17762	25353698	23390896
68	133120	23	20436	17358	24824518	22892920
68	133120	23	19712	17130	24544752	22658404
69	133120	23	20662	17896	25611736	23644728
69	133120	24	19354	17202	24548032	22710368
70	143360	24	17446	16444	22024544	21617188
70	143360	24	22142	18204	26836884	23996628
71	143360	24	21588	19302	26798736	25502692
71	143360	24	21316	18800	26783464	24752132
72	143360	24	20758	18792	26744748	24752104
73	143360	24	21922	18788	26822020	24753348
73	143360	30	19940	17214	25662450	22502102
73	143360	30	21360	20320	27814678	27002656
74	143360	35	20038	18808	26695818	24751482
74	143360	36	20090	18834	26703028	24755534
75	153600	37	16002	14026	21284308	18476968
75	153600	37	22400	20046	28360388	26229274
76	153600	37	22282	19934	28578662	26399434
76	153600	37	23446	20256	28909704	26727384
77	153600	37	22566	20158	28689562	26533544
77	153600	37	22426	19976	28345236	26224442
78	153600	37	22906	20410	29144946	26933910
78	153600	37	23154	20032	28411356	26225544
79	153600	37	22968	20398	29133432	26948660
79	153600	37	22852	19956	28432060	26276450
80	163840	37	20428	18262	24835742	24148428
80	163840	37	23968	21546	30583520	28292680
81	163840	37	23252	21310	30534892	28154710
81	163840	37	23772	21616	30568500	28422846
82	163840	38	24642	21550	30628068	28294342
83	163840	38	24138	21546	30592808	28294566
83	163840	38	25304	21642	30670192	28301262
84	163840	37	25090	21562	30657316	28294086
84	163840	34	24260	21544	30600840	28295280
85	163840	38	24696	20870	30632744	27312610
85	174080	37	19074	16194	23428224	21370074
86	174080	37	25662	22706	32256272	29819602
86	174080	41	26362	23084	32889748	30380394
87	174080	39	26564	22674	32359500	29851164
88	174080	39	25170	22722	32326506	29919108
88	174080	38	25646	23084	32869002	30403046
89	174080	38	25188	22644	32212980	29804408
89	174080	40	26196	23100	32987062	30470296
90	174080	41	26510	22586	32334682	29853264
91	174080	39	25444	22610	32273742	29837708
91	184320	39	21744	18948	27027182	24945524
92	184320	41	26686	24018	34071680	31545072
92	184320	43	26818	24100	34210518	31650592
93	184320	42	27832	24030	34291992	31663420
94	184320	41	26644	24146	34404328	31844404
94	184320	51	26976	24160	34238752	31670876
95	184320	50	26162	24092	34102394	31589550
96	184320	42	27470	23964	34151934	31539348
97	184320	40	26982	24512	34869262	32284060
98	184320	43	26890	23950	34007110	31447472
98	194560	42	29430	25638	36381868	33603092
99	194560	40	27298	25782	35884430	33826640
100	194560	57	28694	25354	36333608	33509316
101	194560	40	28362	25602	36308880	33744860
102	194560	42	29602	25354	36391468	33312436
103	194560	37	28766	25682	36335412	33873364
104	194560	48	28524	25708	36319704	33692094
104	194560	45	29288	25504	36030204	33514200
105	194560	42	29462	25306	36381876	33316054
106	194560	40	28752	24906	36336476	32577936
107	204800	43	24038	21792	30586276	28671074
108	204800	40	30496	26914	38262752	35347272
109	204800	37	31284	27430	38315636	36055334
110	204800	39	30728	27800	38277120	36418604
111	204800	40	30750	27072	38278176	35499582
112	204800	39	30274	27176	38249080	35751644
112	204800	50	30388	26818	38255428	35211290
113	204800	45	30032	27182	38231448	35817992
114	204800	43	30108	26760	38239408	35156646
114	204800	42	30942	26596	38292564	34708520
115	215040	36	23676	20786	30332262	27272284
115	215040	38	23676	20786	30332262	27272284
116	215040	38	31932	28238	40010328	37005690
116	215040	39	31054	28238	40213332	37211024
117	215040	43	30712	28290	40157432	37203866
117	215040	42	31186	27904	39704432	36727332
118	215040	44	31816	28398	40481466	37431498
118	215040	44	32004	28352	40309558	37263156
119	215040	44	31382	28266	40177224	37183506
120	215040	43	31234	28236	39985534	36999272
120	225280	43	25510	22212	31563706	29158872
121	225280	43	30470	28668	40974446	37993724
121	225280	46	32976	29562	42221108	39065060
122	225280	50	31614	29596	42314478	39238780
123	225280	62	31476	29024	41429806	38360600
124	225280	58	34086	30546	48645138	34658056
125	225280	124	31766	29942	42095562	40725794
126	225280	77	34952	28610	42126610	38785176
126	225280	50	35322	28580	42147948	38772514
127	225280	49	34038	28708	42079104	38793702
128	235520	50	37930	30270	44914920	41160866
129	235520	51	34722	29994	44263210	40729798
129	235520	57	37506	30680	46336082	41617764
130	235520	51	35140	29736	43445994	40324580
131	235520	49	34390	30284	44648108	41255104
132	235520	66	34966	29866	43583560	40508562
133	235520	60	33440	28796	42706712	39090034
133	235520	73	31404	29632	42015178	38964652
134	235520	134	35112	30434	49461748	39617152
135	235520	135	34452	31238	45538810	42238486
136	245760	82	33852	28260	43402384	38256408
137	245760	64	36276	31154	45343248	41858052
138	245760	81	34566	31442	45728128	42325782
139	245760	86	34056	35926	47053696	44598312
140	245760	112	34896	31284	45064012	41687544
141	245760	88	34562	32360	46394340	42981622
142	245760	112	34844	33420	47730106	43872582
143	245760	95	35138	31882	46651854	43171022
143	245760	75	36362	30906	45336400	41813668
144	245760	63	35264	31236	45267676	41860992
145	256000	84	33800	29250	42761486	39656272
146	256000	48	34870	34748	47613552	47858056
147	256000	88	34972	35054	47620372	42717550
147	256000	96	36144	33994	47697900	46184224
148	256000	74	34724	32360	47603652	42134932
149	256000	86	34456	35726	47587720	43326676
149	256000	91	35158	33644	47632876	45046220
150	256000	91	35564	33084	46721706	44663596
150	256000	87	36584	33656	48665458	45178180
151	256000	85	35740	32474	47670972	43447474
152	266240	85	34134	28398	44987874	37492964
152	266240	107	38552	35886	54058758	43582084
153	266240	156	35802	40544	49489644	47034448
154	266240	161	35774	38566	49485432	45974108
155	266240	155	35578	38286	49474768	44154352
155	266240	197	35872	39750	49491900	44592710
156	266240	272	35600	36744	49476000	43762108
157	266240	316	35528	32900	49469812	38078184
157	266240	355	35806	39540	49489952	45064366
158	266240	380	35730	39472	49482396	45427746
159	276480	449	36990	40616	50965570	47827778
159	276480	447	37430	37356	52213636	40928462
160	276480	430	36716	33022	51333660	38867476
161	276480	579	37134	39300	51525092	42365344
161	276480	628	37588	39162	52120154	46453190
162	276480	657	36372	37720	50742388	40219322
163	276480	803	37280	40856	51740968	44997476
164	276480	818	36604	39934	50761420	43560540
164	276480	900	36998	37452	51516736	42505584
165	276480	951	37006	40316	50773192	44500432
166	286720	1047	38290	41958	53276316	47947154
167	286720	1182	38218	42438	53271564	48702506
168	286720	1130	38222	35512	53274008	43051618
169	286720	1204	38222	39744	53274396	47093130
171	286720	1302	38172	40820	53268924	47193206
172	286720	1425	38256	42300	53274468	48104110
173	286720	1558	38264	43268	53276680	46793264
174	286720	1631	38274	39388	53278112	44445036
175	286720	1777	38234	37624	53273148	44579188
176	286720	1985	38316	41134	53278296	47527272
177	296960	2057	39510	42838	55171696	45111990
178	296960	2118	39146	41958	54726634	43155156
179	296960	2354	39044	35768	55231178	35853474
180	296960	2513	39204	36518	55079152	38983684
181	296960	2620	39226	37480	55150968	38595684
181	296960	2873	39032	39144	54393834	43976336
183	296960	3081	38776	41420	54127708	44703676
184	296960	3237	4674	44464	308352	67247558
185	296960	3205	4286	39214	284920	59298672
186	296960	2990	4076	38326	268884	57940432
186	296960	3137	0	46	0	4158
187	296960	3137	0	130	0	9472
187	296960	3137	2	92	1700	8034
188	296960	3137	2	82	484	6430
188	296960	3137	0	78	0	6440
189	296960	3137	4	94	1276	7116
189	296960	3137	0	92	0	6348
190	296960	3137	2	84	152	7674
190	296960	3137	4	88	1768	8580
191	296960	3137	0	88	0	6880
191	296960	3137	0	60	0	5328
192	296960	3137	2	76	1316	6028
192	296960	3137	2	44	516	3602
193	296960	3137	0	42	0	3860
193	296960	3137	0	60	0	6156
194	296960	3137	2	116	1572	15946
194	296960	3137	0	80	0	5328
195	296960	3137	0	80	0	5328
195	296960	3137	2	80	516	12160
196	296960	3137	2	60	1508	5218
196	296960	3137	0	54	0	4836
197	296960	3137	0	40	0	4644
197	296960	3137	4	100	1992	15682
198	296960	3137	0	94	0	11192
198	296960	3137	2	70	152	8712
199	296960	3137	2	64	1636	5062
199	296960	3137	0	62	0	8150
200	296960	3137	2	50	516	4226
200	296960	3137	2	74	1604	8274
201	296960	3137	0	38	0	4964
201	296960	3137	0	50	0	5650
202	296960	3137	2	70	1572	11726
202	296960	3137	2	50	516	4704
203	296960	3137	2	60	152	6068
203	296960	3137	2	26	1476	2108
204	296960	3137	0	38	0	4808
204	296960	3137	0	56	0	9064
205	296960	3137	4	48	2472	6036
205	296960	3137	0	28	0	2672
206	296960	3137	0	44	0	5702
206	296960	3137	2	54	1220	6978
206	296960	3137	0	36	0	4290
207	296960	3137	2	44	516	4174
207	296960	3137	4	54	1884	6566
208	296960	3137	0	34	0	3464
208	296960	3137	2	44	140	4452
209	296960	3137	2	36	1220	4352
209	296960	3137	2	54	516	4000
210	296960	3137	0	72	0	8064
210	296960	3137	2	30	1220	2184
211	296960	3137	0	60	0	5152
211	296960	3137	2	60	132	5462
212	296960	3137	4	80	1928	8340
212	296960	3137	0	46	0	6288
213	296960	3137	0	44	0	5272
213	296960	3137	2	66	1380	8834
214	296960	3137	0	50	0	4600
214	296960	3137	2	82	452	8954
215	296960	3137	2	56	1284	5940
215	296960	3137	0	50	0	5680
216	296960	3137	0	78	0	6664
216	296960	3137	0	78	0	6664
217	296960	3137	4	62	1864	7482
217	296960	3137	2	88	152	8130
218	296960	3137	0	60	0	4888
218	296960	3137	2	92	1348	8278
219	296960	3137	2	34	516	3808
