0	0	0	0	0	0	0
1	0	0	12	98	1720	13944
1	0	0	10	78	4916	7360
2	0	0	12	64	1368	7388
2	0	0	8	90	912	9260
3	0	0	10	78	2708	9314
3	0	0	2	86	228	12568
4	0	0	4	58	456	5920
4	0	0	6	118	2156	14772
5	10240	0	6	56	876	5072
5	10240	11	1710	2036	2318918	2318698
6	10240	10	9416	10128	11651046	11564832
6	10240	9	10964	11040	11752200	11627706
7	10240	9	10232	10662	11703774	11601640
7	10240	9	10316	11136	11713016	11635180
8	10240	9	10482	11076	11720292	11629948
8	10240	9	10348	11224	11711544	11638734
9	10240	9	10812	11368	11743992	11648736
9	10240	9	9914	11044	11682900	11630814
10	20480	9	11228	11132	11769938	11631026
10	20480	10	9514	10344	11657736	11583276
11	20480	10	18540	21758	23280696	23228022
11	20480	11	21022	22004	23444508	23243968
12	20480	11	20208	21902	23393280	23239204
12	20480	11	21350	21912	23466176	23237944
13	20480	12	19904	21930	23370720	23240808
13	20480	12	19034	21716	23314708	23226186
14	20480	12	20418	21744	23405156	23226582
14	20480	12	21488	21870	23475264	23235972
15	30720	12	20140	21766	23387704	23228176
15	30720	13	17630	19246	21016392	20523914
16	30720	13	29544	32816	35034536	34911832
16	30720	13	28682	31996	34980568	33998668
17	30720	13	29004	33636	35000064	35968926
17	30720	14	28210	31740	34946604	33824550
18	30720	14	29220	32856	35017120	34870188
18	30720	14	32338	33478	35221976	35689146
19	30720	14	29556	32496	35034252	34612910
19	30720	14	30222	32438	35083836	34356480
20	40960	15	31200	33744	35143964	35801132
20	40960	15	26396	28752	30414716	30240404
21	40960	15	44628	43508	47061000	46456522
21	40960	15	49088	44722	47353824	46540476
22	40960	15	46988	43994	47215224	46485830
22	40960	15	49626	44194	47391988	46498860
23	40960	15	46672	44182	47194368	46498450
23	40960	15	47000	43776	47216016	46471640
24	40960	15	48582	43988	47322124	46485136
24	40960	15	47882	44436	47274228	46514636
25	51200	15	49236	46092	47364008	46624032
25	51200	16	41838	38054	40259964	39563908
26	51200	16	61610	54618	59208756	58081784
26	51200	17	59350	54422	59059596	58069730
27	51200	17	58282	54528	58991828	58076012
27	51200	17	58534	54360	59005836	58065372
28	51200	18	63134	54570	59309340	58079390
28	51200	18	54462	53964	58738812	58039472
29	51200	18	58528	53600	59005344	58014956
29	51200	19	55616	54454	58813568	58072658
30	61440	19	61810	54380	59223780	58067992
30	61440	19	52204	45782	49765176	48782664
31	61440	19	74278	65482	71073344	69695524
31	61440	20	76416	67242	71216896	69812686
32	61440	20	74538	65512	71090484	69695504
32	61440	21	76336	69398	71209152	69954496
33	61440	21	73884	65514	71049048	69696880
33	61440	21	75272	65414	71138928	69694228
34	61440	22	73820	65272	71043512	69681108
34	61440	22	75122	67660	71130820	69838718
35	71680	22	71472	65058	70888128	69668732
35	71680	23	54156	45410	51411796	48536148
36	71680	23	86816	77218	82797730	82351104
36	71680	24	88068	80470	83111458	81109912
37	71680	24	84400	75946	82690198	81020362
37	71680	24	86256	78402	82887580	82190026
38	71680	24	87952	78788	83137626	81107894
38	71680	25	88992	79722	83190856	82036012
39	71680	25	85722	76520	82805242	81427682
39	71680	25	83744	76210	82962600	80918276
40	81920	26	69712	60882	65053098	63141784
40	81920	26	69712	60882	65053098	63141784
41	81920	26	100456	91286	94857000	93922090
41	81920	26	94630	88426	94371496	92744502
42	81920	26	100750	88376	94265676	92156040
42	81920	26	102576	91308	95680392	93972212
43	81920	26	98922	87020	94967738	92793310
43	81920	26	97608	86244	93981584	92298844
44	81920	26	90458	87190	94885104	93784944
44	81920	26	72670	86020	93128270	92838538
45	92160	26	59568	66812	72884800	72284910
45	92160	26	59568	66812	72884800	72284910
46	92160	27	77676	94082	102136988	100894228
46	92160	28	77820	100122	106606972	107385176
47	92160	28	77820	100122	106606972	107385176
47	92160	29	77068	98456	104551192	104758618
48	92160	29	77666	98572	104420254	105278536
48	92160	29	77338	96114	103853064	103077712
49	92160	30	78382	98450	104846638	107456002
49	92160	30	77960	95792	104358854	104034458
50	102400	30	58744	73312	80033894	79511102
50	102400	30	86356	108182	116146966	117410238
51	102400	31	81086	96830	112493708	110779720
51	102400	32	82828	99930	115747832	114366534
52	102400	33	81914	96390	114093192	112443506
52	102400	35	78620	84248	112439932	102950884
53	102400	37	80540	88776	114750290	111017530
53	102400	40	79262	82966	113484288	105405878
54	102400	43	80074	92092	113645540	114180054
54	102400	46	81700	91720	116440326	116886986
55	112640	50	76776	88924	108320820	112170642
55	112640	51	84334	82688	121300120	110940466
56	112640	54	82936	89766	117852432	108317170
56	112640	58	83110	80954	118935956	99884732
57	112640	61	81606	78746	117520602	93773880
57	112640	67	80446	80228	115334474	99294900
58	112640	74	81624	82220	117248334	101175142
58	112640	84	78420	80494	112621106	100671762
59	112640	94	81438	80926	116811756	98490600
59	112640	106	81858	68200	118251524	82429452
60	122880	130	81468	90756	114599400	98576864
61	122880	147	84004	70816	120887178	87251770
61	122880	156	78212	55600	114312146	67497156
62	122880	169	74942	60726	109439476	79777780
62	122880	180	74942	60726	109439476	79777780
63	122880	188	75114	66094	109486220	86830828
63	122880	205	86706	83260	124962030	107524662
63	122880	223	73990	64276	107102112	84130392
64	122880	244	82368	81338	118203736	102722656
64	122880	273	80742	82646	115425382	101404968
66	133120	383	79714	86340	112617638	102125956
67	133120	407	76658	70540	110627176	90944000
67	133120	438	76658	70540	110627176	90944000
68	133120	473	83056	68612	120283914	84949012
68	133120	499	79038	64262	114831688	82310362
69	133120	524	80924	82144	116469034	105029356
69	133120	545	78780	71284	113779504	93087612
70	133120	570	78854	82296	112738258	105753434
70	133120	588	68764	72432	99099208	95270264
71	133120	618	69174	60812	99827460	77309906
74	143360	887	89052	113882	121577112	120252248
75	143360	922	64234	55872	93826868	70644176
75	143360	5868	70576	73150	101400550	97997472
75	143360	5907	71328	53012	104560260	67800674
76	143360	5954	82968	72246	119766162	94245902
81	143360	6471	87872	107776	120895120	116367460
87	143360	7026	20446	26692	26414456	37673658
88	143360	5756	7368	85078	486532	115034604
88	143360	5298	9362	95674	618116	118096368
88	143360	5113	9974	101320	660424	122494996
89	143360	4989	10442	96002	689528	112576002
89	143360	4882	13026	106770	860484	121182894
90	143360	4789	13308	106798	880924	120866832
