0	0	0	54	98	32152	9268
1	0	0	0	56	0	7298
1	0	0	2	66	152	5930
2	0	0	2	46	1444	3988
2	0	0	0	54	0	4988
3	0	0	0	44	0	3786
3	0	0	2	26	516	3154
4	0	0	0	42	0	3396
4	0	0	0	34	0	4010
5	10240	0	2	34	1188	3076
5	10240	4	324	338	377746	326936
6	10240	4	840	744	946320	807512
6	10240	4	818	732	946564	808962
7	10240	4	870	746	948300	808392
7	10240	4	830	748	945660	807748
8	10240	4	862	750	949148	808052
8	10240	4	852	756	947112	809596
9	10240	4	850	776	946980	809656
9	10240	4	840	744	948432	810536
10	20480	4	868	758	948168	808416
10	20480	4	1004	872	1135320	968236
11	20480	4	1656	1372	1892698	1606586
11	20480	5	1656	1400	1891056	1611044
12	20480	5	1702	1422	1893426	1611146
12	20480	5	1614	1424	1890108	1611964
13	20480	5	1670	1404	1891380	1609296
13	20480	5	1642	1426	1890152	1611108
14	20480	5	1636	1412	1889826	1609146
14	20480	5	1634	1384	1889604	1607718
15	30720	6	1716	1424	1894742	1610368
15	30720	6	1506	1102	1883844	1253656
16	30720	6	2428	2040	2832384	2393814
16	30720	6	2450	2028	2835072	2400094
17	30720	6	2538	2086	2843516	2435072
17	30720	6	2458	2010	2834928	2408390
18	30720	7	2452	2022	2835556	2398216
18	30720	7	2474	2016	2835924	2416508
19	30720	7	2508	2096	2840764	2522146
19	30720	7	2428	1924	2832756	2284524
20	40960	7	2442	2032	2833944	2423464
20	40960	8	2350	2124	2650868	2604620
21	40960	8	3068	2528	3766392	3198968
21	40960	8	3130	2616	3770100	3206058
22	40960	8	3136	2610	3771904	3207388
22	40960	8	3226	2614	3776436	3206176
23	40960	8	3282	2616	3780580	3205892
23	40960	8	3116	2558	3771000	3200814
24	40960	9	3076	2588	3766536	3205880
24	40960	9	3160	2680	3772080	3210940
25	51200	9	3184	2610	3775584	3205260
25	51200	9	2824	2494	3393936	2894898
26	51200	9	3996	3310	4718156	4010328
26	51200	9	3900	3256	4713400	4005350
27	51200	9	4070	3256	4723040	4004180
27	51200	9	3972	3304	4717000	4007702
28	51200	9	4016	3182	4720864	3999420
28	51200	9	3906	3194	4712196	4000380
29	51200	9	4046	3246	4721436	4007016
29	51200	9	4058	3268	4723732	4007920
30	61440	10	4014	3262	4719708	4004620
30	61440	10	3444	2836	4147176	3523536
31	61440	10	4730	3894	5659124	4804588
31	61440	10	4832	3922	5664192	4807656
32	61440	10	4670	3844	5653884	4801182
32	61440	10	4650	3894	5653876	4804410
33	61440	10	4686	3898	5654556	4804628
33	61440	10	4676	3906	5653896	4807502
34	61440	11	4618	3906	5652596	4807554
34	61440	11	4624	3858	5650464	4803500
35	71680	11	4844	3938	5664984	4809382
35	71680	11	3566	2720	4543496	3257368
36	71680	11	5244	4592	6647306	5709184
36	71680	11	5594	4468	6591938	5602630
37	71680	11	5392	4432	6603836	5483792
37	71680	11	5510	4594	6629690	5734666
38	71680	11	5392	4480	6476636	5488604
38	71680	11	5548	4560	6693936	5585222
39	71680	12	5220	4656	6319476	5734728
39	71680	12	5544	4696	7098364	5673474
40	81920	12	5176	4450	6342266	5444640
40	81920	12	5218	4568	5953484	5713672
41	81920	12	6320	5114	7544160	6400588
41	81920	12	6450	5096	7554532	6399670
42	81920	12	6136	5056	7532016	6397838
42	81920	12	6244	5168	7539624	6404354
43	81920	12	6014	4978	7525564	6391716
43	81920	13	6052	5038	7526472	6395220
44	81920	13	6098	5040	7529508	6395378
44	81920	13	6272	5106	7542688	6400000
45	92160	13	5952	5106	7520034	6399590
45	92160	13	5256	4336	6404880	5440290
46	92160	13	6926	5772	8476892	7201476
46	92160	13	7146	5820	8489556	7205486
47	92160	13	6936	5766	8475696	7202132
47	92160	13	7034	5814	8484436	7203872
48	92160	13	6870	5778	8471340	7202488
48	92160	13	7028	5762	8481768	7201808
49	92160	13	6946	5766	8478276	7202070
49	92160	13	7032	5812	8482032	7205264
50	102400	13	5952	4920	7165344	6084698
50	102400	14	5952	4920	7165344	6084698
51	102400	14	7538	6472	9406308	8005484
51	102400	14	7750	6424	9420300	8001908
52	102400	14	7588	6418	9411880	8002308
52	102400	14	7660	6442	9414360	8005328
53	102400	14	7700	6398	9417000	8000688
53	102400	14	7746	6448	9421764	8004202
54	102400	14	7538	6470	9406308	8006232
54	102400	14	7762	6372	9421772	7939760
55	112640	14	7538	6470	9407868	8067360
55	112640	15	6436	5432	7908168	6725436
56	112640	15	8506	7166	10361096	8811032
56	112640	15	8410	7030	10357108	8800680
57	112640	15	8382	7036	10352892	8800382
57	112640	15	8382	7036	10352892	8800382
58	112640	15	8338	7114	10349988	8805128
58	112640	15	8338	7114	10349988	8805128
59	112640	15	8476	6970	10360920	8796044
59	112640	15	8306	7138	10347876	8807748
60	122880	15	6914	5914	8652420	7362372
60	122880	16	6914	5914	8652420	7362372
61	122880	16	9138	7794	11293668	9609056
61	122880	16	9046	7778	11287596	9607816
62	122880	16	8756	7690	11270248	9600612
62	122880	16	9244	7842	11300664	9611060
63	122880	16	8800	7676	11271360	9600864
63	122880	16	9324	7684	11308312	9602740
64	122880	16	8932	7626	11280072	9599324
64	122880	16	9358	7728	11308208	9606536
65	133120	17	7390	5890	9364512	7217396
65	133120	17	9332	8294	12186522	10397840
66	133120	17	9590	8498	12258086	10571984
66	133120	17	9680	8276	11869978	10266602
67	133120	17	9902	8294	12457508	10287664
67	133120	17	9742	8536	12348684	10649426
68	133120	17	9614	8258	12158318	10223430
68	133120	17	10256	8314	12233080	10369796
69	133120	18	10048	8476	12329866	10506048
69	133120	18	9810	8450	12230130	10404122
70	143360	18	8388	7468	10174716	9392798
70	143360	18	10990	9052	13198076	11209914
71	143360	18	10144	8952	13143680	11200862
71	143360	28	10636	9054	13174296	11207830
72	143360	26	10494	8952	13164924	11201292
72	143360	25	10494	8952	13164924	11201292
73	143360	25	10344	9028	13155024	11205084
73	143360	25	10430	9006	13160700	11203662
74	143360	25	10606	8954	13174140	11199860
74	143360	25	10714	9066	13179860	11207928
75	153600	25	8430	7250	10890852	8992070
75	153600	25	11272	9596	14109044	11827010
76	153600	25	11102	9908	14096064	12373786
76	153600	25	11014	9600	14089860	11861084
77	153600	26	10882	9624	14083752	11931632
77	153600	26	11232	9746	14104776	12166654
78	153600	26	10668	9200	13942124	11312366
78	153600	26	11044	10094	14219024	12494462
79	153600	26	11268	9852	14107040	12259734
79	153600	26	11136	9632	14098044	11888226
80	163840	26	9142	8226	11651912	10185942
80	163840	26	12146	10384	15055716	12812730
81	163840	26	11798	10324	15033164	12805912
81	163840	26	12144	10248	15057440	12801136
82	163840	26	12354	10366	15069444	12811540
82	163840	26	11990	10404	15045420	12811540
83	163840	26	11804	10298	15035448	12805066
83	163840	26	11930	10354	15041460	12808064
84	163840	26	11706	10292	15026676	12808022
85	163840	26	11906	10370	15041732	12818326
85	174080	26	10480	8792	13787320	11004706
86	174080	32	12492	10978	15844798	13492428
86	174080	29	12904	11206	16249680	13850866
87	174080	31	12026	10528	15040324	13172436
87	174080	30	13912	10938	17178552	13727448
88	174080	30	12976	10934	16177858	13766220
88	174080	29	12764	10714	15940972	13545886
89	174080	29	12760	10832	15885092	13494998
89	174080	29	13476	10862	16181974	13729890
90	174080	28	12860	10702	15838092	13441074
90	184320	29	9404	8642	11449298	10977754
91	184320	30	13524	11448	16930760	14396754
92	184320	30	14164	11542	16970664	14404072
92	184320	30	13672	11484	16938192	14399984
93	184320	29	13726	11506	16943804	14403130
93	184320	31	13780	11360	16945768	14391366
94	184320	29	13636	11426	16937768	14394812
95	184320	30	13902	11518	16953372	14402804
95	184320	29	13590	11476	16932780	14400538
96	184320	33	13240	11392	16912080	14396356
96	194560	32	13064	10412	16483060	12844772
97	194560	32	14030	12056	17836114	15130308
98	194560	32	14530	12248	18190660	15461960
98	194560	31	13728	11836	17566212	14970752
99	194560	33	14970	12382	18270164	15522588
100	194560	32	16158	12756	19939978	15897108
101	194560	32	14224	11796	17436076	14834174
101	194560	30	14968	12468	18357778	15581752
102	194560	32	14884	12258	18240526	15485716
103	194560	33	14208	12048	17769146	15125136
103	204800	33	14912	12432	18366024	15614708
104	204800	35	15010	13026	19166858	16319340
105	204800	35	14928	12286	18105126	15384816
106	204800	33	15336	13116	19369726	16458796
106	204800	31	14864	12650	18673180	15888902
107	204800	32	14670	12572	18669996	15883482
108	204800	32	15138	12614	18570716	15794374
109	204800	33	15382	13018	19220642	16344544
110	204800	32	14832	12580	18528286	15757640
110	204800	31	15836	13110	19188202	16298544
111	215040	34	12290	10510	15327886	13038192
112	215040	35	15424	13380	19711202	16786196
113	215040	35	15576	13254	19544676	16617866
114	215040	34	16236	13662	20034168	17022654
115	215040	34	15752	13378	19653088	16737058
115	215040	35	15592	13304	19595618	16680424
116	215040	34	16142	13688	20038302	17038116
116	215040	34	15450	13354	19693432	16764276
117	215040	34	16460	13608	19969104	16965502
117	215040	32	15638	13438	19641330	16725540
118	225280	33	12840	11164	16413522	13971350
118	225280	35	16584	14036	20601812	17506520
119	225280	35	16584	14036	20601812	17506520
119	225280	35	16400	14072	20529138	17489644
120	225280	35	16492	14208	20904778	17768948
120	225280	35	16172	14008	20575268	17554490
121	225280	35	16218	13994	20569880	17496396
121	225280	35	16456	14280	20901920	17800736
122	225280	35	15920	13924	20497432	17460928
122	225280	35	16748	14244	20988316	17854956
123	235520	35	12620	10676	15244602	13361156
123	235520	35	17442	14646	22019324	18361328
124	235520	36	17094	14530	21619340	18355968
125	235520	36	15838	14450	20026790	18187676
125	235520	36	16738	14630	21113482	18406616
126	235520	36	17650	14800	22261886	18430152
127	235520	36	17000	14692	20997012	18394336
127	235520	36	17218	14716	22250976	18405128
128	235520	37	17344	14540	21519640	18300398
128	235520	37	17228	14712	22258996	18483896
129	245760	37	17010	14852	20528346	18618764
130	245760	37	17674	15234	22548132	19009342
130	245760	37	18006	15242	22571204	19148952
131	245760	37	17910	15136	22563760	19104692
132	245760	40	17506	15340	22538728	19151744
132	245760	40	18102	15348	22576248	19142652
133	245760	40	17934	15238	22566488	19079306
134	245760	42	17808	15352	22557064	19289850
134	245760	42	17776	15734	22555992	19637828
135	245760	40	17922	15364	22563840	19385966
136	256000	39	13502	11212	17818624	13943214
136	256000	39	18478	16174	23729318	20219546
137	256000	39	18216	15994	23386132	19924484
138	256000	39	17996	15890	23303532	19859422
138	256000	40	18512	15992	23400256	19917804
139	256000	40	18910	16036	23617924	20084158
140	256000	43	19060	16194	23828264	20264658
141	256000	42	18142	15874	23280520	19834048
141	256000	42	18852	16170	23793278	20246228
142	256000	41	18144	15840	23274552	19823562
143	266240	44	14078	12280	17949278	15299986
143	266240	50	18542	16444	24034496	20488786
144	266240	45	19486	16854	24813888	21121220
145	266240	40	19322	16566	24291614	20684320
146	266240	40	19036	16826	24618506	20978164
146	266240	39	18908	16570	24352762	20728722
147	266240	41	18982	16438	24077472	20513892
148	266240	46	18836	16404	24151578	20573572
149	266240	40	19300	16770	24718316	21054828
150	266240	41	18820	16474	24192638	20603956
150	276480	39	17160	14874	21699720	18459564
151	276480	44	19940	17212	25498052	21694866
152	276480	42	19650	17094	25190162	21451490
153	276480	42	19646	17558	25667854	21904104
154	276480	45	19460	17450	25429836	21689596
155	276480	45	19516	17232	25134392	21417268
155	276480	43	20274	17616	25785746	21955754
156	276480	43	20004	17426	25608136	21816338
157	276480	43	20112	17540	25674190	21861734
158	276480	41	20130	17524	25697384	21888584
159	286720	42	20206	18050	26278192	22559610
160	286720	50	19980	17934	26263320	22404508
160	286720	46	20330	17840	26286420	22395072
161	286720	46	20062	17862	26268732	22397430
162	286720	46	20432	17852	26295168	22396806
163	286720	46	19750	17804	26248140	22393862
163	286720	52	20782	17170	26316648	22245302
164	286720	51	21034	17408	26332884	22367460
165	286720	44	20926	17282	26326020	22216460
165	286720	45	21388	17458	26356600	22369864
166	296960	45	20604	15700	26274992	19953416
167	296960	49	21482	18154	27502872	23359328
168	296960	61	21664	18028	27409774	23274036
168	296960	53	22714	18268	27563730	23431500
169	296960	50	22088	18162	27304508	23168614
170	296960	49	21204	17978	27097908	23057708
170	296960	60	22380	18434	28198840	23644248
171	296960	54	21756	18060	27146146	23083788
172	296960	46	21350	17992	27199486	23106776
173	296960	47	22064	17970	27242116	23137292
173	307200	45	20620	17778	25934662	22913336
174	307200	45	22314	18780	28571940	23955496
175	307200	46	22778	18674	28625220	23893882
176	307200	44	21096	18786	26987848	24319424
177	307200	63	22540	22060	30268830	27500452
178	307200	99	22084	18132	27867570	23091920
180	307200	50	23238	18632	29415482	23807832
181	307200	54	22298	18956	28361936	24544160
182	307200	71	21628	18628	27449414	23882712
184	307200	55	23048	19138	28718134	24265218
185	317440	44	23368	19480	29293432	24907396
186	317440	50	22766	19120	28722982	24451742
188	317440	63	22284	19184	28528768	24267868
189	317440	83	22400	20404	29070162	27011008
191	317440	121	23526	18780	28822142	24457466
192	317440	63	23758	19166	29114012	24689882
194	317440	72	22726	19152	28808398	24523148
196	317440	62	22714	23852	29116404	30552732
198	317440	223	23536	19330	29254628	24844958
199	317440	72	22826	19226	29150806	24795396
201	327680	54	23842	19908	30161330	25596226
203	327680	68	22982	22602	29980406	28666802
204	327680	135	23386	19724	30993314	26017650
206	327680	123	24020	19934	30342402	25655470
208	327680	97	21294	19678	28205780	24081280
209	327680	104	22578	21486	29374610	28225426
211	327680	260	23380	23034	30748402	26944504
212	327680	231	23144	22384	29524290	27763520
213	327680	203	23144	20332	29898632	26848724
215	327680	122	22452	17258	30172938	22136198
216	337920	121	23604	19946	30996284	25684016
217	337920	130	23590	23562	30960206	25510934
218	337920	200	23718	23400	30960848	26882866
219	337920	250	23836	23284	30850668	29628796
221	337920	261	23828	24110	30866896	26292568
222	337920	267	23626	22520	30969972	26660596
223	337920	265	23564	22756	30912824	25570850
224	337920	295	23940	25316	31069170	28392214
225	337920	286	23870	23928	31004060	27833992
227	337920	337	23618	20794	30971446	25562012
228	348160	429	24916	22794	32625306	28246300
230	348160	284	24792	23158	32638502	27549840
232	348160	261	23680	24890	30917288	30074984
234	348160	357	24634	22726	32117042	28930742
235	348160	372	24118	22180	31531810	27111332
237	348160	375	23360	24654	30343448	29658128
239	348160	426	24540	23628	32160808	27854988
241	348160	426	24334	22878	31737692	27137074
243	348160	362	24798	22074	32772886	26618302
245	348160	417	23670	23452	31004214	29237712
246	358400	575	24984	22888	32831924	26109920
248	358400	708	24974	23792	32831292	29888516
250	358400	894	25264	22904	32850756	29722826
251	358400	998	25064	22664	32854452	28064848
253	358400	1024	24902	23924	32827312	25466928
254	358400	1220	24954	23280	32830164	26492314
256	358400	1446	25030	24242	32835316	27363796
257	358400	1642	24948	21906	32830696	23876978
258	358400	1819	24754	20532	32816420	24695686
260	358400	1964	24998	24834	32832968	28248482
261	368640	2188	25546	23590	33756738	28319904
263	368640	2183	25710	25268	33771196	29352568
265	368640	2253	25536	22732	33759564	26710020
266	368640	2300	25554	22382	33761224	24884400
267	368640	2602	25482	24868	33759988	26257460
269	368640	2779	4324	24416	286992	36815832
271	368640	2679	6	124	2796	12348
272	368640	2520	2	84	1668	7938
273	368640	2520	0	72	0	7210
274	368640	2520	2	70	1892	6100
274	368640	2520	0	78	0	6222
275	368640	2520	4	72	1768	6188
276	368640	2520	0	76	0	5952
277	368640	2520	0	56	0	5656
278	368640	2520	2	82	388	9816
278	368640	2520	6	82	972	8758
279	368640	2520	4	70	648	7296
280	368640	2520	4	84	712	6798
281	368640	2520	2	56	1284	4534
282	368640	2520	0	76	0	5720
283	368640	2520	4	42	1544	3450
283	368640	2520	2	40	140	3748
284	368640	2520	2	84	1252	6060
285	368640	2520	2	86	420	13410
286	368640	2520	2	142	1764	11000
287	368640	2520	2	82	152	8610
287	368640	2520	4	100	572	10850
288	368640	2520	0	44	0	4102
289	368640	2520	0	60	0	4916
290	368640	2520	4	68	1704	4740
291	368640	2520	2	68	1316	5090
292	368640	2520	2	66	1796	5746
292	368640	2520	2	54	420	6498
293	368640	2520	2	40	1028	2976
294	368640	2520	0	38	0	3624
295	368640	2520	2	62	388	5628
296	368640	2520	2	66	152	6664
296	368640	2520	2	70	152	8046
297	368640	2520	4	56	1832	5346
298	368640	2520	2	42	152	4814
299	368640	2520	2	108	1060	11034
300	368640	2520	0	54	0	5486
301	368640	2520	2	62	1348	12016
301	368640	2520	0	56	0	5610
302	368640	2520	4	64	2088	6000
303	368640	2520	0	64	0	6972
304	368640	2520	0	34	0	2552
305	368640	2520	2	42	388	4366
305	368640	2520	0	42	0	3746
306	368640	2520	0	58	0	5252
307	368640	2520	2	68	388	7148
308	368640	2520	0	56	0	5966
309	368640	2520	2	46	932	5028
310	368640	2520	2	76	388	10770
310	368640	2520	0	112	0	14906
311	368640	2520	0	70	0	5896
312	368640	2520	2	80	388	7434
313	368640	2520	2	74	1252	8020
314	368640	2520	2	100	140	15478
314	368640	2520	4	96	1640	12198
315	368640	2520	6	158	684	18844
316	368640	2520	2	106	1316	10590
